Traced on 2021-03-28 14:52:34
FileAccessForInclusion - 
C:\xampp\htdocs\vtiger\vtiger\include\utils\CommonUtils.php::checkFileAccessForInclusion::388<br>
C:\xampp\htdocs\vtiger\vtiger\includes\Loader.php::checkFileAccessForInclusion::65<br>
C:\xampp\htdocs\vtiger\vtiger\includes\Loader.php::includeOnce::191<br>
C:\xampp\htdocs\vtiger\vtiger\includes\main\WebUI.php::vimport::15<br>
C:\xampp\htdocs\vtiger\vtiger\index.php::include_once::17<br>
Traced on 2021-03-28 15:03:33
FileAccessForInclusion - 
C:\xampp\htdocs\vtiger\vtiger\include\utils\CommonUtils.php::checkFileAccessForInclusion::388<br>
C:\xampp\htdocs\vtiger\vtiger\includes\Loader.php::checkFileAccessForInclusion::65<br>
C:\xampp\htdocs\vtiger\vtiger\includes\Loader.php::includeOnce::191<br>
C:\xampp\htdocs\vtiger\vtiger\includes\main\WebUI.php::vimport::15<br>
C:\xampp\htdocs\vtiger\vtiger\index.php::include_once::17<br>
Traced on 2021-03-28 15:03:37
FileAccessForInclusion - 
C:\xampp\htdocs\vtiger\vtiger\include\utils\CommonUtils.php::checkFileAccessForInclusion::388<br>
C:\xampp\htdocs\vtiger\vtiger\includes\Loader.php::checkFileAccessForInclusion::65<br>
C:\xampp\htdocs\vtiger\vtiger\includes\Loader.php::includeOnce::191<br>
C:\xampp\htdocs\vtiger\vtiger\includes\main\WebUI.php::vimport::15<br>
C:\xampp\htdocs\vtiger\vtiger\index.php::include_once::17<br>
